2023-10-10 15:18:45,974 [TestNG-test=Palindrom-1] INFO  org.example.PalindromeChecker - Word to check: peep
2023-10-10 15:18:45,975 [TestNG-test=Palindrom-1] INFO  org.example.PalindromeChecker - Reversed word: peep
2023-10-10 15:25:13,816 [main] INFO  org.example.PalindromeChecker - Word to check: abc ba
2023-10-10 15:25:13,818 [main] INFO  org.example.PalindromeChecker - Reversed word: ab cba
2023-10-10 15:25:13,819 [main] INFO  org.example.PalindromeChecker - Word to check: a2c211c2a
2023-10-10 15:25:13,819 [main] INFO  org.example.PalindromeChecker - Reversed word: a2c112c2a
2023-10-10 15:25:13,826 [main] INFO  org.example.PalindromeChecker - Word to check: abba
2023-10-10 15:25:13,826 [main] INFO  org.example.PalindromeChecker - Reversed word: abba
2023-10-10 15:25:13,826 [main] INFO  org.example.PalindromeChecker - Word to check: abcba
2023-10-10 15:25:13,826 [main] INFO  org.example.PalindromeChecker - Reversed word: abcba
2023-10-10 15:25:13,826 [main] INFO  org.example.PalindromeChecker - Word to check: a2c1c2a
2023-10-10 15:25:13,827 [main] INFO  org.example.PalindromeChecker - Reversed word: a2c1c2a
2023-10-10 15:25:13,827 [main] INFO  org.example.PalindromeChecker - Word to check: abba
2023-10-10 15:25:13,827 [main] INFO  org.example.PalindromeChecker - Reversed word: abba
2023-10-10 15:25:13,827 [main] INFO  org.example.PalindromeChecker - Word to check: abba
2023-10-10 15:25:13,827 [main] INFO  org.example.PalindromeChecker - Reversed word: abba
2023-10-10 15:25:13,827 [main] INFO  org.example.PalindromeChecker - Word to check: a
2023-10-10 15:25:13,827 [main] INFO  org.example.PalindromeChecker - Reversed word: a
2023-10-10 15:25:30,242 [main] INFO  org.example.PalindromeChecker - Word to check: abc ba
2023-10-10 15:25:30,243 [main] INFO  org.example.PalindromeChecker - Reversed word: ab cba
2023-10-10 15:25:30,244 [main] INFO  org.example.PalindromeChecker - Word to check: a2c211c2a
2023-10-10 15:25:30,244 [main] INFO  org.example.PalindromeChecker - Reversed word: a2c112c2a
2023-10-10 15:25:30,246 [main] INFO  org.example.PalindromeChecker - Word to check: abba
2023-10-10 15:25:30,246 [main] INFO  org.example.PalindromeChecker - Reversed word: abba
2023-10-10 15:25:30,246 [main] INFO  org.example.PalindromeChecker - Word to check: abcba
2023-10-10 15:25:30,246 [main] INFO  org.example.PalindromeChecker - Reversed word: abcba
2023-10-10 15:25:30,246 [main] INFO  org.example.PalindromeChecker - Word to check: a2c1c2a
2023-10-10 15:25:30,246 [main] INFO  org.example.PalindromeChecker - Reversed word: a2c1c2a
2023-10-10 15:25:30,246 [main] INFO  org.example.PalindromeChecker - Word to check: abba
2023-10-10 15:25:30,246 [main] INFO  org.example.PalindromeChecker - Reversed word: abba
2023-10-10 15:25:30,246 [main] INFO  org.example.PalindromeChecker - Word to check: abba
2023-10-10 15:25:30,246 [main] INFO  org.example.PalindromeChecker - Reversed word: abba
2023-10-10 15:25:30,247 [main] INFO  org.example.PalindromeChecker - Word to check: a
2023-10-10 15:25:30,247 [main] INFO  org.example.PalindromeChecker - Reversed word: a
2023-10-10 15:25:36,830 [TestNG-test=Palindrom-2] INFO  org.example.PalindromeChecker - Word to check: abba
2023-10-10 15:25:36,829 [TestNG-test=Palindrom-1] INFO  org.example.PalindromeChecker - Word to check: abc ba
2023-10-10 15:25:36,831 [TestNG-test=Palindrom-1] INFO  org.example.PalindromeChecker - Reversed word: ab cba
2023-10-10 15:25:36,831 [TestNG-test=Palindrom-2] INFO  org.example.PalindromeChecker - Reversed word: abba
2023-10-10 15:25:36,832 [TestNG-test=Palindrom-1] INFO  org.example.PalindromeChecker - Word to check: a2c211c2a
2023-10-10 15:25:36,832 [TestNG-test=Palindrom-2] INFO  org.example.PalindromeChecker - Word to check: abcba
2023-10-10 15:25:36,832 [TestNG-test=Palindrom-1] INFO  org.example.PalindromeChecker - Reversed word: a2c112c2a
2023-10-10 15:25:36,832 [TestNG-test=Palindrom-2] INFO  org.example.PalindromeChecker - Reversed word: abcba
2023-10-10 15:25:36,832 [TestNG-test=Palindrom-2] INFO  org.example.PalindromeChecker - Word to check: a2c1c2a
2023-10-10 15:25:36,832 [TestNG-test=Palindrom-2] INFO  org.example.PalindromeChecker - Reversed word: a2c1c2a
2023-10-10 15:25:36,832 [TestNG-test=Palindrom-2] INFO  org.example.PalindromeChecker - Word to check: abba
2023-10-10 15:25:36,832 [TestNG-test=Palindrom-2] INFO  org.example.PalindromeChecker - Reversed word: abba
2023-10-10 15:25:36,833 [TestNG-test=Palindrom-2] INFO  org.example.PalindromeChecker - Word to check: abba
2023-10-10 15:25:36,833 [TestNG-test=Palindrom-2] INFO  org.example.PalindromeChecker - Reversed word: abba
2023-10-10 15:25:36,833 [TestNG-test=Palindrom-2] INFO  org.example.PalindromeChecker - Word to check: a
2023-10-10 15:25:36,833 [TestNG-test=Palindrom-2] INFO  org.example.PalindromeChecker - Reversed word: a
2023-10-10 15:49:58,989 [TestNG-test=Palindrom-2] INFO  org.example.PalindromeChecker - Word to check: abba
2023-10-10 15:49:58,989 [TestNG-test=Palindrom-1] INFO  org.example.PalindromeChecker - Word to check: abc ba
2023-10-10 15:49:58,991 [TestNG-test=Palindrom-1] INFO  org.example.PalindromeChecker - Reversed word: ab cba
2023-10-10 15:49:58,991 [TestNG-test=Palindrom-2] INFO  org.example.PalindromeChecker - Reversed word: abba
2023-10-10 15:49:58,992 [TestNG-test=Palindrom-1] INFO  org.example.PalindromeChecker - Word to check: a2c211c2a
2023-10-10 15:49:58,992 [TestNG-test=Palindrom-2] INFO  org.example.PalindromeChecker - Word to check: abcba
2023-10-10 15:49:58,992 [TestNG-test=Palindrom-1] INFO  org.example.PalindromeChecker - Reversed word: a2c112c2a
2023-10-10 15:49:58,992 [TestNG-test=Palindrom-2] INFO  org.example.PalindromeChecker - Reversed word: abcba
2023-10-10 15:49:58,993 [TestNG-test=Palindrom-2] INFO  org.example.PalindromeChecker - Word to check: a2c1c2a
2023-10-10 15:49:58,993 [TestNG-test=Palindrom-2] INFO  org.example.PalindromeChecker - Reversed word: a2c1c2a
2023-10-10 15:49:58,993 [TestNG-test=Palindrom-2] INFO  org.example.PalindromeChecker - Word to check: abba
2023-10-10 15:49:58,993 [TestNG-test=Palindrom-2] INFO  org.example.PalindromeChecker - Reversed word: abba
2023-10-10 15:49:58,993 [TestNG-test=Palindrom-2] INFO  org.example.PalindromeChecker - Word to check: abba
2023-10-10 15:49:58,993 [TestNG-test=Palindrom-2] INFO  org.example.PalindromeChecker - Reversed word: abba
2023-10-10 15:49:58,993 [TestNG-test=Palindrom-2] INFO  org.example.PalindromeChecker - Word to check: a
2023-10-10 15:49:58,993 [TestNG-test=Palindrom-2] INFO  org.example.PalindromeChecker - Reversed word: a
2023-10-10 15:52:01,070 [TestNG-test=Palindrom-2] INFO  org.example.PalindromeChecker - Word to check: abba
2023-10-10 15:52:01,070 [TestNG-test=Palindrom-1] INFO  org.example.PalindromeChecker - Word to check: abc ba
2023-10-10 15:52:01,072 [TestNG-test=Palindrom-2] INFO  org.example.PalindromeChecker - Reversed word: bba
2023-10-10 15:52:01,072 [TestNG-test=Palindrom-1] INFO  org.example.PalindromeChecker - Reversed word:  cba
2023-10-10 15:52:01,073 [TestNG-test=Palindrom-1] INFO  org.example.PalindromeChecker - Word to check: a2c211c2a
2023-10-10 15:52:01,073 [TestNG-test=Palindrom-1] INFO  org.example.PalindromeChecker - Reversed word: 12c2a
2023-10-10 15:52:48,657 [TestNG-test=Palindrom-1] INFO  org.example.PalindromeChecker - Word to check: abc ba
2023-10-10 15:52:48,657 [TestNG-test=Palindrom-2] INFO  org.example.PalindromeChecker - Word to check: abba
2023-10-10 15:52:48,658 [TestNG-test=Palindrom-2] INFO  org.example.PalindromeChecker - Reversed word: bba
2023-10-10 15:52:48,658 [TestNG-test=Palindrom-1] INFO  org.example.PalindromeChecker - Reversed word:  cba
2023-10-10 15:52:48,659 [TestNG-test=Palindrom-1] INFO  org.example.PalindromeChecker - Word to check: a2c211c2a
2023-10-10 15:52:48,659 [TestNG-test=Palindrom-1] INFO  org.example.PalindromeChecker - Reversed word: 12c2a
2023-10-10 15:53:30,521 [TestNG-test=Palindrom-2] INFO  org.example.PalindromeChecker - Word to check: abba
2023-10-10 15:53:30,520 [TestNG-test=Palindrom-1] INFO  org.example.PalindromeChecker - Word to check: abc ba
2023-10-10 15:53:30,522 [TestNG-test=Palindrom-1] INFO  org.example.PalindromeChecker - Reversed word: cba
2023-10-10 15:53:30,522 [TestNG-test=Palindrom-2] INFO  org.example.PalindromeChecker - Reversed word: ba
2023-10-10 15:53:30,523 [TestNG-test=Palindrom-1] INFO  org.example.PalindromeChecker - Word to check: a2c211c2a
2023-10-10 15:53:30,523 [TestNG-test=Palindrom-1] INFO  org.example.PalindromeChecker - Reversed word: 2c2a
2023-10-10 15:54:20,907 [TestNG-test=Palindrom-1] INFO  org.example.PalindromeChecker - Word to check: abc ba
2023-10-10 15:54:20,907 [TestNG-test=Palindrom-2] INFO  org.example.PalindromeChecker - Word to check: abba
2023-10-10 15:54:20,909 [TestNG-test=Palindrom-2] INFO  org.example.PalindromeChecker - Reversed word: ab
2023-10-10 15:54:20,909 [TestNG-test=Palindrom-1] INFO  org.example.PalindromeChecker - Reversed word: ab 
2023-10-10 15:54:20,910 [TestNG-test=Palindrom-2] INFO  org.example.PalindromeChecker - Word to check: abcba
2023-10-10 15:54:20,910 [TestNG-test=Palindrom-1] INFO  org.example.PalindromeChecker - Word to check: a2c211c2a
2023-10-10 15:54:20,910 [TestNG-test=Palindrom-2] INFO  org.example.PalindromeChecker - Reversed word: abc
2023-10-10 15:54:20,910 [TestNG-test=Palindrom-1] INFO  org.example.PalindromeChecker - Reversed word: a2c11
2023-10-10 15:54:47,854 [TestNG-test=Palindrom-2] INFO  org.example.PalindromeChecker - Word to check: abba
2023-10-10 15:54:47,854 [TestNG-test=Palindrom-1] INFO  org.example.PalindromeChecker - Word to check: abc ba
2023-10-10 15:54:47,855 [TestNG-test=Palindrom-2] INFO  org.example.PalindromeChecker - Reversed word: ab
2023-10-10 15:54:47,855 [TestNG-test=Palindrom-1] INFO  org.example.PalindromeChecker - Reversed word: ab 
2023-10-10 15:54:47,856 [TestNG-test=Palindrom-2] INFO  org.example.PalindromeChecker - Word to check: abcba
2023-10-10 15:54:47,856 [TestNG-test=Palindrom-1] INFO  org.example.PalindromeChecker - Word to check: a2c211c2a
2023-10-10 15:54:47,856 [TestNG-test=Palindrom-1] INFO  org.example.PalindromeChecker - Reversed word: a2c11
2023-10-10 15:54:47,856 [TestNG-test=Palindrom-2] INFO  org.example.PalindromeChecker - Reversed word: abc
2023-10-10 15:55:20,942 [TestNG-test=Palindrom-1] INFO  org.example.PalindromeChecker - Word to check: abc ba
2023-10-10 15:55:20,942 [TestNG-test=Palindrom-2] INFO  org.example.PalindromeChecker - Word to check: abba
2023-10-10 15:55:20,944 [TestNG-test=Palindrom-1] INFO  org.example.PalindromeChecker - Reversed word: ab 
2023-10-10 15:55:20,944 [TestNG-test=Palindrom-2] INFO  org.example.PalindromeChecker - Reversed word: ab
2023-10-10 15:55:20,945 [TestNG-test=Palindrom-1] INFO  org.example.PalindromeChecker - Word to check: a2c211c2a
2023-10-10 15:55:20,945 [TestNG-test=Palindrom-1] INFO  org.example.PalindromeChecker - Reversed word: a2c11
2023-10-10 15:55:46,248 [TestNG-test=Palindrom-2] INFO  org.example.PalindromeChecker - Word to check: abba
2023-10-10 15:55:46,248 [TestNG-test=Palindrom-1] INFO  org.example.PalindromeChecker - Word to check: abc ba
2023-10-10 15:55:46,249 [TestNG-test=Palindrom-2] INFO  org.example.PalindromeChecker - Reversed word: ab
2023-10-10 15:55:46,249 [TestNG-test=Palindrom-1] INFO  org.example.PalindromeChecker - Reversed word: ab 
2023-10-10 15:55:46,251 [TestNG-test=Palindrom-1] INFO  org.example.PalindromeChecker - Word to check: a2c211c2a
2023-10-10 15:55:46,251 [TestNG-test=Palindrom-1] INFO  org.example.PalindromeChecker - Reversed word: a2c11
2023-10-10 15:56:48,673 [TestNG-test=Palindrom-1] INFO  org.example.PalindromeChecker - Word to check: abc ba
2023-10-10 15:56:48,673 [TestNG-test=Palindrom-2] INFO  org.example.PalindromeChecker - Word to check: abba
2023-10-10 15:56:48,675 [TestNG-test=Palindrom-2] INFO  org.example.PalindromeChecker - Reversed word: ab
2023-10-10 15:56:48,675 [TestNG-test=Palindrom-1] INFO  org.example.PalindromeChecker - Reversed word: ab 
2023-10-10 15:56:48,676 [TestNG-test=Palindrom-1] INFO  org.example.PalindromeChecker - Word to check: a2c211c2a
2023-10-10 15:56:48,676 [TestNG-test=Palindrom-1] INFO  org.example.PalindromeChecker - Reversed word: a2c11
2023-10-10 15:57:27,147 [TestNG-test=Palindrom-2] INFO  org.example.PalindromeChecker - Word to check: abba
2023-10-10 15:57:27,147 [TestNG-test=Palindrom-1] INFO  org.example.PalindromeChecker - Word to check: abc ba
2023-10-10 15:57:27,149 [TestNG-test=Palindrom-2] INFO  org.example.PalindromeChecker - Reversed word: ab
2023-10-10 15:57:27,149 [TestNG-test=Palindrom-1] INFO  org.example.PalindromeChecker - Reversed word: ab 
2023-10-10 15:57:27,150 [TestNG-test=Palindrom-1] INFO  org.example.PalindromeChecker - Word to check: a2c211c2a
2023-10-10 15:57:27,150 [TestNG-test=Palindrom-1] INFO  org.example.PalindromeChecker - Reversed word: a2c11
2023-10-10 15:58:33,441 [TestNG-test=Palindrom-2] INFO  org.example.PalindromeChecker - Word to check: abba
2023-10-10 15:58:33,441 [TestNG-test=Palindrom-1] INFO  org.example.PalindromeChecker - Word to check: abc ba
2023-10-10 15:58:33,442 [TestNG-test=Palindrom-2] INFO  org.example.PalindromeChecker - Reversed word: ab
2023-10-10 15:58:33,442 [TestNG-test=Palindrom-1] INFO  org.example.PalindromeChecker - Reversed word: ab 
2023-10-10 15:58:33,443 [TestNG-test=Palindrom-1] INFO  org.example.PalindromeChecker - Word to check: a2c211c2a
2023-10-10 15:58:33,443 [TestNG-test=Palindrom-2] INFO  org.example.PalindromeChecker - Word to check: abcba
2023-10-10 15:58:33,443 [TestNG-test=Palindrom-1] INFO  org.example.PalindromeChecker - Reversed word: a2c11
2023-10-10 15:58:33,443 [TestNG-test=Palindrom-2] INFO  org.example.PalindromeChecker - Reversed word: abc
2023-10-10 16:00:48,657 [TestNG-test=Palindrom-1] INFO  org.example.PalindromeChecker - Word to check: abc ba
2023-10-10 16:00:48,657 [TestNG-test=Palindrom-2] INFO  org.example.PalindromeChecker - Word to check: abba
2023-10-10 16:00:48,659 [TestNG-test=Palindrom-1] INFO  org.example.PalindromeChecker - Reversed word: ab 
2023-10-10 16:00:48,659 [TestNG-test=Palindrom-2] INFO  org.example.PalindromeChecker - Reversed word: ab
2023-10-10 16:00:48,660 [TestNG-test=Palindrom-1] INFO  org.example.PalindromeChecker - Word to check: a2c211c2a
2023-10-10 16:00:48,660 [TestNG-test=Palindrom-2] INFO  org.example.PalindromeChecker - Word to check: abcba
2023-10-10 16:00:48,660 [TestNG-test=Palindrom-1] INFO  org.example.PalindromeChecker - Reversed word: a2c11
2023-10-10 16:00:48,660 [TestNG-test=Palindrom-2] INFO  org.example.PalindromeChecker - Reversed word: abc
2023-10-10 16:03:15,838 [TestNG-test=Palindrom-1] INFO  org.example.PalindromeChecker - Word to check: abc ba
2023-10-10 16:03:15,838 [TestNG-test=Palindrom-2] INFO  org.example.PalindromeChecker - Word to check: abba
2023-10-10 16:03:15,839 [TestNG-test=Palindrom-1] INFO  org.example.PalindromeChecker - Reversed word: ab 
2023-10-10 16:03:15,839 [TestNG-test=Palindrom-2] INFO  org.example.PalindromeChecker - Reversed word: ab
2023-10-10 16:03:15,840 [TestNG-test=Palindrom-1] INFO  org.example.PalindromeChecker - Word to check: a2c211c2a
2023-10-10 16:03:15,840 [TestNG-test=Palindrom-2] INFO  org.example.PalindromeChecker - Word to check: abcba
2023-10-10 16:03:15,841 [TestNG-test=Palindrom-1] INFO  org.example.PalindromeChecker - Reversed word: a2c112
2023-10-10 16:03:15,841 [TestNG-test=Palindrom-2] INFO  org.example.PalindromeChecker - Reversed word: abcb
2023-10-10 16:04:03,674 [TestNG-test=Palindrom-1] INFO  org.example.PalindromeChecker - Word to check: abc ba
2023-10-10 16:04:03,674 [TestNG-test=Palindrom-2] INFO  org.example.PalindromeChecker - Word to check: abba
2023-10-10 16:04:03,676 [TestNG-test=Palindrom-2] INFO  org.example.PalindromeChecker - Reversed word: a
2023-10-10 16:04:03,676 [TestNG-test=Palindrom-1] INFO  org.example.PalindromeChecker - Reversed word: ab
2023-10-10 16:04:03,677 [TestNG-test=Palindrom-1] INFO  org.example.PalindromeChecker - Word to check: a2c211c2a
2023-10-10 16:04:03,677 [TestNG-test=Palindrom-1] INFO  org.example.PalindromeChecker - Reversed word: a2c11
2023-10-10 16:04:50,095 [TestNG-test=Palindrom-2] INFO  org.example.PalindromeChecker - Word to check: abba
2023-10-10 16:04:50,095 [TestNG-test=Palindrom-1] INFO  org.example.PalindromeChecker - Word to check: abc ba
2023-10-10 16:04:50,097 [TestNG-test=Palindrom-2] INFO  org.example.PalindromeChecker - Reversed word: a
2023-10-10 16:04:50,097 [TestNG-test=Palindrom-1] INFO  org.example.PalindromeChecker - Reversed word: ab
2023-10-10 16:04:50,099 [TestNG-test=Palindrom-1] INFO  org.example.PalindromeChecker - Word to check: a2c211c2a
2023-10-10 16:04:50,099 [TestNG-test=Palindrom-1] INFO  org.example.PalindromeChecker - Reversed word: a2c
2023-10-10 16:04:56,381 [TestNG-test=Palindrom-2] INFO  org.example.PalindromeChecker - Word to check: abba
2023-10-10 16:04:56,381 [TestNG-test=Palindrom-1] INFO  org.example.PalindromeChecker - Word to check: abc ba
2023-10-10 16:04:56,383 [TestNG-test=Palindrom-1] INFO  org.example.PalindromeChecker - Reversed word: ab
2023-10-10 16:04:56,383 [TestNG-test=Palindrom-2] INFO  org.example.PalindromeChecker - Reversed word: a
2023-10-10 16:04:56,384 [TestNG-test=Palindrom-1] INFO  org.example.PalindromeChecker - Word to check: a2c211c2a
2023-10-10 16:04:56,385 [TestNG-test=Palindrom-1] INFO  org.example.PalindromeChecker - Reversed word: a2c11
2023-10-10 16:05:45,237 [TestNG-test=Palindrom-1] INFO  org.example.PalindromeChecker - Word to check: abba
2023-10-10 16:05:45,239 [TestNG-test=Palindrom-1] INFO  org.example.PalindromeChecker - Reversed word: a
2023-10-10 16:06:30,910 [TestNG-test=Palindrom-1] INFO  org.example.PalindromeChecker - Word to check: abba
2023-10-10 16:06:30,911 [TestNG-test=Palindrom-1] INFO  org.example.PalindromeChecker - Reversed word: a
2023-10-10 16:06:46,737 [TestNG-test=Palindrom-1] INFO  org.example.PalindromeChecker - Word to check: abba
2023-10-10 16:06:46,739 [TestNG-test=Palindrom-1] INFO  org.example.PalindromeChecker - Reversed word: ab
2023-10-10 16:06:46,740 [TestNG-test=Palindrom-1] INFO  org.example.PalindromeChecker - Word to check: abcba
2023-10-10 16:06:46,740 [TestNG-test=Palindrom-1] INFO  org.example.PalindromeChecker - Reversed word: abcb
2023-10-10 16:07:06,247 [TestNG-test=Palindrom-1] INFO  org.example.PalindromeChecker - Word to check: abba
2023-10-10 16:07:06,249 [TestNG-test=Palindrom-1] INFO  org.example.PalindromeChecker - Reversed word: ab
2023-10-10 16:07:06,250 [TestNG-test=Palindrom-1] INFO  org.example.PalindromeChecker - Word to check: abcba
2023-10-10 16:07:06,250 [TestNG-test=Palindrom-1] INFO  org.example.PalindromeChecker - Reversed word: ab
2023-10-10 16:07:25,013 [TestNG-test=Palindrom-1] INFO  org.example.PalindromeChecker - Word to check: abba
2023-10-10 16:07:25,015 [TestNG-test=Palindrom-1] INFO  org.example.PalindromeChecker - Reversed word: ab
2023-10-10 16:07:25,016 [TestNG-test=Palindrom-1] INFO  org.example.PalindromeChecker - Word to check: abcba
2023-10-10 16:07:25,016 [TestNG-test=Palindrom-1] INFO  org.example.PalindromeChecker - Reversed word: ab
2023-10-10 16:07:25,016 [TestNG-test=Palindrom-1] INFO  org.example.PalindromeChecker - Word to check: a2c1c2a
2023-10-10 16:07:25,016 [TestNG-test=Palindrom-1] INFO  org.example.PalindromeChecker - Reversed word: a2c
2023-10-10 16:07:25,016 [TestNG-test=Palindrom-1] INFO  org.example.PalindromeChecker - Word to check: abba
2023-10-10 16:07:25,016 [TestNG-test=Palindrom-1] INFO  org.example.PalindromeChecker - Reversed word: a
2023-10-10 16:08:09,130 [TestNG-test=Palindrom-1] INFO  org.example.PalindromeChecker - Word to check: abba
2023-10-10 16:08:09,132 [TestNG-test=Palindrom-1] INFO  org.example.PalindromeChecker - Reversed word: ab
2023-10-10 16:08:09,133 [TestNG-test=Palindrom-1] INFO  org.example.PalindromeChecker - Word to check: abcba
2023-10-10 16:08:09,133 [TestNG-test=Palindrom-1] INFO  org.example.PalindromeChecker - Reversed word: ab
2023-10-10 16:08:09,133 [TestNG-test=Palindrom-1] INFO  org.example.PalindromeChecker - Word to check: a2c1c2a
2023-10-10 16:08:09,133 [TestNG-test=Palindrom-1] INFO  org.example.PalindromeChecker - Reversed word: a2c
2023-10-10 16:08:09,133 [TestNG-test=Palindrom-1] INFO  org.example.PalindromeChecker - Word to check: abba
2023-10-10 16:08:09,133 [TestNG-test=Palindrom-1] INFO  org.example.PalindromeChecker - Reversed word: ab
2023-10-10 16:08:09,133 [TestNG-test=Palindrom-1] INFO  org.example.PalindromeChecker - Word to check: abba
2023-10-10 16:08:09,133 [TestNG-test=Palindrom-1] INFO  org.example.PalindromeChecker - Reversed word: ab
2023-10-10 16:08:09,133 [TestNG-test=Palindrom-1] INFO  org.example.PalindromeChecker - Word to check: a
2023-10-10 16:08:09,133 [TestNG-test=Palindrom-1] INFO  org.example.PalindromeChecker - Reversed word: 
2023-10-10 16:16:16,886 [TestNG-test=Palindrom-2] INFO  org.example.PalindromeChecker - Word to check: abba
2023-10-10 16:16:16,886 [TestNG-test=Palindrom-1] INFO  org.example.PalindromeChecker - Word to check: abc ba
2023-10-10 16:16:16,888 [TestNG-test=Palindrom-2] INFO  org.example.PalindromeChecker - Reversed word: ab
2023-10-10 16:16:16,888 [TestNG-test=Palindrom-1] INFO  org.example.PalindromeChecker - Reversed word: ab 
2023-10-10 16:16:16,891 [TestNG-test=Palindrom-2] INFO  org.example.PalindromeChecker - Word to check: abcba
2023-10-10 16:16:16,891 [TestNG-test=Palindrom-2] INFO  org.example.PalindromeChecker - Reversed word: ab
2023-10-10 16:16:16,892 [TestNG-test=Palindrom-2] INFO  org.example.PalindromeChecker - Word to check: a2c1c2a
2023-10-10 16:16:16,892 [TestNG-test=Palindrom-2] INFO  org.example.PalindromeChecker - Reversed word: a2c
2023-10-10 16:16:16,893 [TestNG-test=Palindrom-2] INFO  org.example.PalindromeChecker - Word to check: abba
2023-10-10 16:16:16,893 [TestNG-test=Palindrom-2] INFO  org.example.PalindromeChecker - Reversed word: ab
2023-10-10 16:16:16,894 [TestNG-test=Palindrom-2] INFO  org.example.PalindromeChecker - Word to check: abba
2023-10-10 16:16:16,894 [TestNG-test=Palindrom-2] INFO  org.example.PalindromeChecker - Reversed word: ab
2023-10-10 16:16:16,897 [TestNG-test=Palindrom-2] INFO  org.example.PalindromeChecker - Word to check: a
2023-10-10 16:16:16,897 [TestNG-test=Palindrom-2] INFO  org.example.PalindromeChecker - Reversed word: 
2023-10-10 16:16:16,897 [TestNG-test=Palindrom-1] INFO  org.example.PalindromeChecker - Word to check: a2c211c2a
2023-10-10 16:16:16,897 [TestNG-test=Palindrom-1] INFO  org.example.PalindromeChecker - Reversed word: a2c1
2023-10-10 16:17:01,085 [TestNG-test=Palindrom-1] INFO  org.example.PalindromeChecker - Word to check: abc ba
2023-10-10 16:17:01,085 [TestNG-test=Palindrom-2] INFO  org.example.PalindromeChecker - Word to check: abba
2023-10-10 16:17:01,087 [TestNG-test=Palindrom-2] INFO  org.example.PalindromeChecker - Reversed word: ab
2023-10-10 16:17:01,087 [TestNG-test=Palindrom-1] INFO  org.example.PalindromeChecker - Reversed word: ab 
2023-10-10 16:17:01,090 [TestNG-test=Palindrom-1] INFO  org.example.PalindromeChecker - Word to check: a2c211c2a
2023-10-10 16:17:01,090 [TestNG-test=Palindrom-2] INFO  org.example.PalindromeChecker - Word to check: abcba
2023-10-10 16:17:01,090 [TestNG-test=Palindrom-1] INFO  org.example.PalindromeChecker - Reversed word: a2c1
2023-10-10 16:17:01,090 [TestNG-test=Palindrom-2] INFO  org.example.PalindromeChecker - Reversed word: ab
2023-10-10 16:17:01,091 [TestNG-test=Palindrom-2] INFO  org.example.PalindromeChecker - Word to check: a2c1c2a
2023-10-10 16:17:01,091 [TestNG-test=Palindrom-2] INFO  org.example.PalindromeChecker - Reversed word: a2c
2023-10-10 16:17:01,092 [TestNG-test=Palindrom-2] INFO  org.example.PalindromeChecker - Word to check: abba
2023-10-10 16:17:01,092 [TestNG-test=Palindrom-2] INFO  org.example.PalindromeChecker - Reversed word: ab
2023-10-10 16:17:01,093 [TestNG-test=Palindrom-2] INFO  org.example.PalindromeChecker - Word to check: abba
2023-10-10 16:17:01,093 [TestNG-test=Palindrom-2] INFO  org.example.PalindromeChecker - Reversed word: ab
2023-10-10 16:17:01,093 [TestNG-test=Palindrom-2] INFO  org.example.PalindromeChecker - Word to check: a
2023-10-10 16:17:01,093 [TestNG-test=Palindrom-2] INFO  org.example.PalindromeChecker - Reversed word: 
2023-10-10 16:20:45,582 [TestNG-test=Palindrom-1] INFO  org.example.PalindromeChecker - Negative scenario.
2023-10-10 16:20:45,582 [TestNG-test=Palindrom-2] INFO  org.example.PalindromeChecker - Positive scenario.
2023-10-10 16:20:45,584 [TestNG-test=Palindrom-2] INFO  org.example.PalindromeChecker - Word to test: abba - Message: Even chars number.
2023-10-10 16:20:45,584 [TestNG-test=Palindrom-1] INFO  org.example.PalindromeChecker - Word to test: abc ba - Message: Space in the middle.
2023-10-10 16:20:45,584 [TestNG-test=Palindrom-1] INFO  org.example.PalindromeChecker - Word to check: abc ba.
2023-10-10 16:20:45,584 [TestNG-test=Palindrom-2] INFO  org.example.PalindromeChecker - Word to check: abba.
2023-10-10 16:20:45,584 [TestNG-test=Palindrom-1] INFO  org.example.PalindromeChecker - Reversed word: ab .
2023-10-10 16:20:45,584 [TestNG-test=Palindrom-2] INFO  org.example.PalindromeChecker - Reversed word: ab.
2023-10-10 16:20:45,587 [TestNG-test=Palindrom-1] INFO  org.example.PalindromeChecker - Negative scenario.
2023-10-10 16:20:45,586 [TestNG-test=Palindrom-2] INFO  org.example.PalindromeChecker - Positive scenario.
2023-10-10 16:20:45,587 [TestNG-test=Palindrom-2] INFO  org.example.PalindromeChecker - Word to test: abcba - Message: Odd chars number.
2023-10-10 16:20:45,587 [TestNG-test=Palindrom-1] INFO  org.example.PalindromeChecker - Word to test: a2c211c2a - Message: Not palindrome.
2023-10-10 16:20:45,587 [TestNG-test=Palindrom-2] INFO  org.example.PalindromeChecker - Word to check: abcba.
2023-10-10 16:20:45,587 [TestNG-test=Palindrom-2] INFO  org.example.PalindromeChecker - Reversed word: ab.
2023-10-10 16:20:45,587 [TestNG-test=Palindrom-1] INFO  org.example.PalindromeChecker - Word to check: a2c211c2a.
2023-10-10 16:20:45,587 [TestNG-test=Palindrom-1] INFO  org.example.PalindromeChecker - Reversed word: a2c1.
2023-10-10 16:20:45,588 [TestNG-test=Palindrom-2] INFO  org.example.PalindromeChecker - Positive scenario.
2023-10-10 16:20:45,588 [TestNG-test=Palindrom-2] INFO  org.example.PalindromeChecker - Word to test: a2c1c2a - Message: With numbers.
2023-10-10 16:20:45,588 [TestNG-test=Palindrom-2] INFO  org.example.PalindromeChecker - Word to check: a2c1c2a.
2023-10-10 16:20:45,588 [TestNG-test=Palindrom-2] INFO  org.example.PalindromeChecker - Reversed word: a2c.
2023-10-10 16:20:45,588 [TestNG-test=Palindrom-2] INFO  org.example.PalindromeChecker - Positive scenario.
2023-10-10 16:20:45,588 [TestNG-test=Palindrom-2] INFO  org.example.PalindromeChecker - Word to test: abba  - Message: With space at the end.
2023-10-10 16:20:45,589 [TestNG-test=Palindrom-2] INFO  org.example.PalindromeChecker - Word to check: abba.
2023-10-10 16:20:45,589 [TestNG-test=Palindrom-2] INFO  org.example.PalindromeChecker - Reversed word: ab.
2023-10-10 16:20:45,589 [TestNG-test=Palindrom-2] INFO  org.example.PalindromeChecker - Positive scenario.
2023-10-10 16:20:45,589 [TestNG-test=Palindrom-2] INFO  org.example.PalindromeChecker - Word to test:  abba  - Message: With space at the beginning.
2023-10-10 16:20:45,589 [TestNG-test=Palindrom-2] INFO  org.example.PalindromeChecker - Word to check: abba.
2023-10-10 16:20:45,589 [TestNG-test=Palindrom-2] INFO  org.example.PalindromeChecker - Reversed word: ab.
2023-10-10 16:20:45,590 [TestNG-test=Palindrom-2] INFO  org.example.PalindromeChecker - Positive scenario.
2023-10-10 16:20:45,590 [TestNG-test=Palindrom-2] INFO  org.example.PalindromeChecker - Word to test: a - Message: One letter.
2023-10-10 16:20:45,591 [TestNG-test=Palindrom-2] INFO  org.example.PalindromeChecker - Word to check: a.
2023-10-10 16:20:45,591 [TestNG-test=Palindrom-2] INFO  org.example.PalindromeChecker - Reversed word: .
